*************************************************************************
*****        G A M M A   S P E C T R U M    A N A L Y S I S         *****
*************************************************************************


Filename: C:\SynologyDrive\Detectores\Gamma1\Espectros\TFGs\G1_Zumo_Lim

Report Generated On             : 14/04/2025 13:34:22   

Sample Title                    : Zumo_Limon                             
Sample Description              : con base                        
Sample Identification           : Zumo_Limon      
Sample Type                     :                 
Sample Geometry                 : s               

Peak Locate Threshold           :  3.00
Peak Locate Range (in channels) :    50 -  4096
Peak Area Range (in channels)   :    50 -  4096
Identification Energy Tolerance :    1.000 keV

Sample Size                     :  1.1986E+00 kg      

Sample Taken On                 : 26/02/2025 11:32:00   
Acquisition Started             : 28/02/2025 17:21:54   

Live Time                       :    86400.0 seconds
Real Time                       :    86409.2 seconds

Dead Time                       :   0.01 %


              Energy Calibration Used Done On       : 26/07/2018
              Efficiency Calibration Used Done On   : 26/07/2018
              Efficiency ID                         : cal S-NPL18            

Peak with NID Report             14/04/2025 13:34:22               Page  2


**************************************************************************
*****           P E A K    W I T H   N I D    R E P O R T            *****
**************************************************************************


     Detector Name:  DET01                           
     Sample Title:   Zumo_Limon                                        
     Peak Analysis Performed on:  14/04/2025 13:34:21   
     Peak Analysis From Channel:     50
     Peak Analysis To Channel:     4096
     Tentative NID Library:   C:\GENIE2K\CAMFILES\GAMMA1\CAM\Revira_mod
     Peak Match Tolerance :    1.000 keV

   Peak  ROI  ROI    Peak    Energy   Net Peak Net Area  Continuum  Tentative
    No. Start End  Centroid   (keV)     Area    Uncert.    Counts    Nuclide 

    1    62-   76    71.72    46.15  2.870E+02  178.47   2.670E+03   Pb-210   
    2    96-  115   106.18    62.79  1.209E+03  244.44   3.923E+03   .....    
 M  3   122-  141   129.84    74.22  2.297E+02   64.59   2.166E+03   .....    
 m  4   122-  141   134.44    76.44  3.120E+02   67.14   2.156E+03   PB-214   
                                                                     PB-212   
    5   156-  173   166.71    92.03  1.424E+03  244.31   4.154E+03   .....    
    6   243-  251   245.33   130.01  4.213E+01  131.51   2.015E+03   .....    
 M  7   261-  278   264.03   139.04  1.013E+01   47.28   1.702E+03   .....    
 m  8   261-  278   272.52   143.14  3.712E+01  173.00   2.249E+03   U-235    
    9   356-  366   359.43   185.12  3.633E+02  137.97   1.851E+03   U-235    
   10   465-  473   468.99   238.04  1.360E+02   94.65   9.900E+02   PB-212   
   11   698-  708   704.14   351.62  6.900E+01   78.95   6.270E+02   PB-214   
   12  1023- 1046  1033.11   510.51  5.730E+02  114.00   6.690E+02   TL-208   
   13  1232- 1241  1238.02   609.49  7.425E+01   49.91   2.438E+02   BI-214   
   14  2046- 2053  2049.95  1001.66  1.800E+01   29.53   1.000E+02   .....    
   15  2994- 3009  3002.36  1461.69  8.920E+02   68.53   9.400E+01   K-40     

M = First peak in a multiplet region
m = Other peak in a multiplet region
F = Fitted singlet

Errors quoted at  2.000 sigma
Background Subtract Report             14/04/2025 13:34:22         Page  3

**************************************************************************
*****        B A C K G R O U N D  S U B T R A C T  R E P O R T       *****
**************************************************************************

     Detector Name:  DET01                           
     Sample Title:   Zumo_Limon                                        
     Peak Analysis Performed on:  14/04/2025 13:34:21   

     Env. Background File:     C:\GENIE2K\CAMFILES\GAMMA1\CAM\Fondo_su

 Peak  Energy  Original Orig. Area  Ambient    Backgr.  Subtracted  Subtracted
   No. (keV)     Area     Uncert.  Background  Uncert.     Area       Uncert.

    1    46.15  2.870E+02  178.47   2.080E+02  1.348E+02  7.900E+01  2.237E+02
    2    62.79  1.209E+03  244.44   7.610E+02  1.551E+02  4.475E+02  2.895E+02
 M  3    74.22  2.297E+02   64.59   3.790E+02  1.911E+02 -1.493E+02  2.018E+02
 m  4    76.44  3.120E+02   67.14                         3.120E+02  6.714E+01
    5    92.03  1.424E+03  244.31   1.287E+03  2.191E+02  1.365E+02  3.281E+02
    6   130.01  4.213E+01  131.51                         4.213E+01  1.315E+02
 M  7   139.04  1.013E+01   47.28                         1.013E+01  4.728E+01
 m  8   143.14  3.712E+01  173.00                         3.712E+01  1.730E+02
    9   185.12  3.633E+02  137.97   5.246E+02  1.502E+02 -1.614E+02  2.039E+02
   10   238.04  1.360E+02   94.65                         1.360E+02  9.465E+01
   11   351.62  6.900E+01   78.95                         6.900E+01  7.895E+01
   12   510.51  5.730E+02  114.00   4.770E+02  1.102E+02  9.600E+01  1.585E+02
   13   609.49  7.425E+01   49.91   3.600E+01  3.676E+01  3.825E+01  6.199E+01
   14  1001.66  1.800E+01   29.53                         1.800E+01  2.953E+01
   15  1461.69  8.920E+02   68.53                         8.920E+02  6.853E+01


M = First peak in a multiplet region
m = Other peak in a multiplet region
F = Fitted singlet

Errors quoted at  2.000 sigma
Peak Efficiency Report             14/04/2025 13:34:22             Page  4


**************************************************************************
*****         P E A K    E F F I C I E N C Y    R E P O R T          *****
**************************************************************************

     Detector Name:  DET01                           
     Sample Title:   Zumo_Limon                                        
     Peak Analysis Performed on:  14/04/2025 13:34:21   


 Peak  Energy   Net Peak  Net Area       Peak     Efficiency
 No.   (keV)      Area   Uncertainty  Efficiency  Uncertainty

    1    46.15  2.870E+02   178.47     9.847E-03    2.687E-03
    2    62.79  1.209E+03   244.44     1.987E-02    7.897E-04
 M  3    74.22  2.297E+02    64.59     2.334E-02    1.337E-03
 m  4    76.44  3.120E+02    67.14     2.371E-02    1.359E-03
    5    92.03  1.424E+03   244.31     2.446E-02    1.056E-03
    6   130.01  4.213E+01   131.51     2.154E-02    1.207E-03
 M  7   139.04  1.013E+01    47.28     2.085E-02    1.131E-03
 m  8   143.14  3.712E+01   173.00     2.057E-02    1.074E-03
    9   185.12  3.633E+02   137.97     1.752E-02    8.011E-04
   10   238.04  1.360E+02    94.65     1.358E-02    4.580E-04
   11   351.62  6.900E+01    78.95     9.175E-03    2.088E-04
   12   510.51  5.730E+02   114.00     6.332E-03    1.170E-04
   13   609.49  7.425E+01    49.91     5.316E-03    9.040E-05
   14  1001.66  1.800E+01    29.53     3.271E-03    3.834E-05
   15  1461.69  8.920E+02    68.53     2.271E-03    3.269E-05


M = First peak in a multiplet region
m = Other peak in a multiplet region
F = Fitted singlet

Errors quoted at  2.000 sigma
Nuclide Identification Report        14/04/2025 13:34:22           Page  5


*************************************************************************
*****   N U C L I D E   I D E N T I F I C A T I O N   R E P O R T   *****
*************************************************************************

     Sample Title:         Zumo_Limon                              
     Nuclide Library Used: C:\GENIE2K\CAMFILES\GAMMA1\CAM\Revira_mo

   ....................    IDENTIFIED NUCLIDES     ....................

   Nuclide    Id       Energy   Yield     Activity     Activity
   Name    Confidence  (keV)     (%)     (bq /kg  )   Uncertainty

   Pb-210    0.976     46.54*    4.25    1.8231E+00   5.1858E+00
   PB-212    0.942     77.11*   17.50    7.2616E-01   1.6173E-01
                      238.63*   44.60    2.1685E-01   1.5110E-01
   U-235     0.944    143.76*   10.50    1.6595E-01   7.7388E-01
                      185.71*   54.00   -1.6469E-01   2.0836E-01

       * = Energy line found in the spectrum.
       Energy Tolerance :    1.000 keV
       Nuclide confidence index threshold =   0.90
       Errors quoted at  2.000 sigma


   **********   U N I D E N T I F I E D   P E A K S   **********

               Peak Locate Performed on:  14/04/2025 13:34:21   
               Peak Locate From Channel:     50
               Peak Locate To Channel:     4096

       Peak   Energy     Peak Size in        Peak CPS      Peak        Tol.
        No.   (keV)    Counts per Second   % Uncertainty   Type      Nuclide

         2    62.79       5.17940E-03          64.69                         
      M  3    74.22      -1.72841E-03        -135.10                         
         5    92.03       1.57986E-03         240.40       Sum               
         6   130.01       4.87558E-04         312.19                         
      M  7   139.04       1.17235E-04         466.78                         
        11   351.62       7.98611E-04         114.41       Tol.      PB-214  
        12   510.51       1.11111E-03         165.14       Tol.      TL-208  
        13   609.49       4.42708E-04         162.05       Tol.      BI-214  
        14  1001.66       2.08333E-04         164.05                         
        15  1461.69       1.03241E-02           7.68       Tol.      K-40    

       M = First peak in a multiplet region
       m = Other peak in a multiplet region
       F = Fitted singlet

       Errors quoted at  2.000 sigma
Nuclide MDA Report                           14/04/2025 13:34:22        Page  6


*******************************************************************************
*****                 N U C L I D E   M D A   R E P O R T                 *****
*******************************************************************************

     Detector Name:        DET01                           
     Sample Geometry:      s               
     Sample Title:         Zumo_Limon                              
     Nuclide Library Used: C:\GENIE2K\CAMFILES\GAMMA1\CAM\Revira_mo


          Nuclide    Energy     Yield     Line MDA    Nuclide MDA    Activity
          Name       (keV)       (%)     (bq /kg  )   (bq /kg  )    (bq /kg  )

          BE-7        477.59    10.42    1.82555E+00   1.826E+00    8.41161E-01
          K-40       1460.81    10.67    6.16778E+00   6.168E+00    3.76447E+01
          CR-51       320.08     9.83    1.69437E+00   1.694E+00   -9.27657E-01
          MN-54       834.83    99.97    2.36254E-01   2.363E-01   -2.51948E-02
          CO-58       810.76    99.40    2.45200E-01   2.452E-01    1.02438E-02
          FE-59      1099.22    56.50    5.35564E-01   5.356E-01   -2.69270E-01
                     1291.56    43.20    7.30904E-01                6.74876E-01
          CO-60      1173.22   100.00    2.83596E-01   2.836E-01    4.77835E-02
                     1332.49   100.00    2.87085E-01                3.00315E-01
          ZN-65      1115.52    50.75    5.91346E-01   5.913E-01    3.07507E-01
          NB-95       765.79    99.81    2.44034E-01   2.440E-01    9.91612E-03
          ZR-95       724.18    43.70    5.26448E-01   4.253E-01    1.59142E-01
                      756.72    55.30    4.25250E-01               -1.48550E-01
          RU-103      497.08    89.00    2.21423E-01   2.214E-01    4.99172E-02
          RU-106      621.84     9.80    2.01074E+00   2.011E+00   -1.08454E+00
                     1050.47     1.73    1.59967E+01                2.06404E+00
          I-131       364.48    81.20    2.50274E-01   2.503E-01    7.86937E-02
          CS-134      569.32    15.43    1.29530E+00   2.269E-01    1.73726E-01
                      604.70    97.60    2.26881E-01                2.75275E-02
                      795.84    85.40    2.77740E-01               -5.36495E-02
          CS-137      661.65    85.12    2.48673E-01   2.487E-01    1.17429E-01
          BA-140      537.32    25.00    9.03895E-01   9.039E-01    6.72785E-01
          LA-140      328.77    20.50    9.09310E-01   3.192E-01    1.25305E-01
                      487.03    45.50    4.69841E-01                1.55877E-01
                      815.85    23.50    1.15819E+00               -5.02809E-01
                     1596.49    95.49    3.19215E-01                1.49018E-01
          CE-144      133.54    10.80    1.23453E+00   1.235E+00    1.76784E-01
          TL-208      510.77    22.60    1.11050E+00   2.358E-01    3.87273E+00
                      583.19    84.50    2.35813E-01               -5.66036E-03
                      860.56    12.42    1.98280E+00                1.89437E+00
      >              2614.53    99.16    0.00000E+00                0.00000E+00
    +     Pb-210       46.54*    4.25    8.52687E+00   8.527E+00    1.82310E+00
    +     PB-212       77.11*   17.50    5.09118E-01   2.449E-01    7.26159E-01
                      238.63*   44.60    2.44919E-01                2.16845E-01
          BI-214      609.31    46.30    4.71564E-01   4.716E-01    3.48588E-01
                     1120.29    15.10    1.92595E+00               -1.17140E-01
                     1764.49    15.80    1.82350E+00                1.92616E+00
          PB-214       77.11    10.70    1.09718E+00   4.560E-01    1.74557E+00
                      295.21    19.20    8.56302E-01                8.66669E-01
                      351.92    37.20    4.56018E-01                4.41047E-01
Nuclide MDA Report                           14/04/2025 13:34:22        Page  7


          Nuclide    Energy     Yield     Line MDA    Nuclide MDA    Activity
          Name       (keV)       (%)     (bq /kg  )   (bq /kg  )    (bq /kg  )

          RA-226      186.21     3.28    4.73813E+00   4.738E+00    9.43176E+00
    +     U-235       143.76*   10.50    9.98534E-01   3.478E-01    1.65949E-01
                      185.71*   54.00    3.47791E-01               -1.64695E-01
          AM-241       59.54    36.30    4.10674E-01   4.107E-01   -5.50996E-02

       + = Nuclide identified during the nuclide identification
       * = Energy line found in the spectrum
       > = Calculated MDA is zero due to zero counts in the region, or 
           the region is outside the spectrum, or has not been calculated
       @ = Half-life too short to be able to perform the decay correction
